2025-03-12 14:50:25.975 [warning] [twxs.cmake]: Cannot register 'cmake.cmakePath'. This property is already registered.
2025-03-12 14:50:26.363 [error] [xabikos.JavaScriptSnippets]: Unknown language in `contributes.JavaScriptSnippets.language`. Provided value: vue
2025-03-12 14:50:26.394 [info] Settings Sync: Account status changed from uninitialized to unavailable
2025-03-12 14:50:26.981 [info] Started local extension host with pid 8736.
2025-03-12 14:50:28.649 [info] [perf] Render performance baseline is 13ms
2025-03-12 14:51:50.250 [info] Settings Sync: Account status changed from uninitialized to unavailable
2025-03-12 14:51:50.282 [error] [xabikos.JavaScriptSnippets]: Unknown language in `contributes.JavaScriptSnippets.language`. Provided value: vue
2025-03-12 14:51:50.550 [info] Started local extension host with pid 13016.
2025-03-12 14:51:52.428 [info] [perf] Render performance baseline is 13ms
2025-03-12 14:52:15.990 [error] [xabikos.JavaScriptSnippets]: Unknown language in `contributes.JavaScriptSnippets.language`. Provided value: vue
2025-03-12 14:52:16.000 [warning] [twxs.cmake]: Cannot register 'cmake.cmakePath'. This property is already registered.
2025-03-12 14:52:50.999 [error] An unknown error occurred. Please consult the log for more details.
2025-03-12 14:54:51.011 [error] An unknown error occurred. Please consult the log for more details.
2025-03-12 14:56:51.056 [error] An unknown error occurred. Please consult the log for more details.
2025-03-12 15:50:55.545 [error] Failed to fetch: Failed: Failed to fetch
    at uqe.F (vscode-file://vscode-app/c:/Users/fawce/AppData/Local/Programs/Microsoft%20VS%20Code/resources/app/out/vs/workbench/workbench.desktop.main.js:1834:55392)
    at async uqe.D (vscode-file://vscode-app/c:/Users/fawce/AppData/Local/Programs/Microsoft%20VS%20Code/resources/app/out/vs/workbench/workbench.desktop.main.js:1834:52126)
    at async uqe.z (vscode-file://vscode-app/c:/Users/fawce/AppData/Local/Programs/Microsoft%20VS%20Code/resources/app/out/vs/workbench/workbench.desktop.main.js:1834:47845)
    at async uqe.A (vscode-file://vscode-app/c:/Users/fawce/AppData/Local/Programs/Microsoft%20VS%20Code/resources/app/out/vs/workbench/workbench.desktop.main.js:1834:48843)
    at async uqe.getExtensions (vscode-file://vscode-app/c:/Users/fawce/AppData/Local/Programs/Microsoft%20VS%20Code/resources/app/out/vs/workbench/workbench.desktop.main.js:1834:46991)
    at async Cnt.checkForUpdates (vscode-file://vscode-app/c:/Users/fawce/AppData/Local/Programs/Microsoft%20VS%20Code/resources/app/out/vs/workbench/workbench.desktop.main.js:2496:23614)
2025-03-12 15:51:05.682 [error] An unknown error occurred. Please consult the log for more details.
2025-03-12 20:51:55.740 [warning] Failed to fetch chat participant registry Failed to fetch
