2025-03-12 14:50:24.158 [error] Error: Error mutex already exists
    at xu.U (file:///C:/Users/fawce/AppData/Local/Programs/Microsoft%20VS%20Code/resources/app/out/main.js:77:29589)
2025-03-12 14:50:24.165 [info] update#setState idle
2025-03-12 14:50:54.168 [info] update#setState checking for updates
2025-03-12 14:50:54.172 [info] update#setState downloading
2025-03-12 14:50:54.175 [info] update#setState downloaded
2025-03-12 14:50:54.176 [info] update#setState updating
2025-03-12 14:50:54.426 [info] update#setState ready
2025-03-12 14:51:31.823 [info] update#setState idle
2025-03-12 14:51:49.499 [info] Extension host with pid 8736 exited with code: 0, signal: unknown.
2025-03-12 15:50:54.185 [info] update#setState checking for updates
2025-03-12 15:50:54.565 [info] update#setState downloading
2025-03-12 15:50:54.578 [info] update#setState downloaded
2025-03-12 15:50:54.578 [info] update#setState updating
2025-03-12 15:50:54.782 [info] update#setState ready
2025-03-12 16:26:13.104 [info] update#setState idle
2025-03-12 16:50:54.203 [info] update#setState checking for updates
2025-03-12 16:50:54.626 [info] update#setState downloading
2025-03-12 16:50:54.631 [info] update#setState downloaded
2025-03-12 16:50:54.632 [info] update#setState updating
2025-03-12 16:50:54.830 [info] update#setState ready
2025-03-12 23:08:48.242 [info] Extension host with pid 13016 exited with code: 0, signal: unknown.
