2025-03-12 14:50:27.865 [info] Reading sessions from keychain...
2025-03-12 14:50:27.865 [info] Getting sessions for all scopes...
2025-03-12 14:50:27.865 [info] Getting sessions for all scopes...
2025-03-12 14:50:27.865 [info] Getting sessions for all scopes...
2025-03-12 14:50:27.865 [info] Got 0 sessions for ...
2025-03-12 14:50:27.865 [info] Got 0 sessions for ...
2025-03-12 14:50:27.865 [info] Got 0 sessions for ...
2025-03-12 14:50:27.865 [info] Getting sessions for all scopes...
2025-03-12 14:50:27.865 [info] Got 0 sessions for ...
2025-03-12 14:50:27.865 [info] Getting sessions for all scopes...
2025-03-12 14:50:27.866 [info] Got 0 sessions for ...
2025-03-12 14:50:27.866 [info] Getting sessions for all scopes...
2025-03-12 14:50:27.866 [info] Got 0 sessions for ...
2025-03-12 14:50:27.866 [info] Getting sessions for all scopes...
2025-03-12 14:50:27.866 [info] Got 0 sessions for ...
2025-03-12 14:50:27.866 [info] Getting sessions for all scopes...
2025-03-12 14:50:27.866 [info] Got 0 sessions for ...
2025-03-12 14:50:28.867 [info] Getting sessions for all scopes...
2025-03-12 14:50:28.867 [info] Got 0 sessions for ...
2025-03-12 14:50:28.902 [info] Getting sessions for read:user,repo,user:email,workflow...
2025-03-12 14:50:28.902 [info] Got 0 sessions for read:user,repo,user:email,workflow...
2025-03-12 14:50:28.902 [info] Getting sessions for all scopes...
2025-03-12 14:50:28.902 [info] Got 0 sessions for ...
2025-03-12 14:50:28.902 [info] Getting sessions for all scopes...
2025-03-12 14:50:28.902 [info] Got 0 sessions for ...
2025-03-12 14:50:28.904 [info] Getting sessions for read:user...
2025-03-12 14:50:28.904 [info] Got 0 sessions for read:user...
2025-03-12 14:50:28.904 [info] Getting sessions for user:email...
2025-03-12 14:50:28.904 [info] Got 0 sessions for user:email...
2025-03-12 14:50:28.904 [info] Getting sessions for read:user,repo,user:email,workflow...
2025-03-12 14:50:28.904 [info] Got 0 sessions for read:user,repo,user:email,workflow...
2025-03-12 14:50:28.914 [info] Getting sessions for user:email...
2025-03-12 14:50:28.914 [info] Got 0 sessions for user:email...
2025-03-12 14:50:28.914 [info] Getting sessions for all scopes...
2025-03-12 14:50:28.914 [info] Got 0 sessions for ...
2025-03-12 14:50:28.962 [info] Getting sessions for user:email...
2025-03-12 14:50:28.962 [info] Got 0 sessions for user:email...
2025-03-12 14:50:28.963 [info] Getting sessions for all scopes...
2025-03-12 14:50:28.963 [info] Got 0 sessions for ...
2025-03-12 14:50:28.964 [info] Getting sessions for user:email...
2025-03-12 14:50:28.964 [info] Got 0 sessions for user:email...
2025-03-12 14:50:29.420 [info] Getting sessions for all scopes...
2025-03-12 14:50:29.420 [info] Got 0 sessions for ...
2025-03-12 14:50:29.421 [info] Getting sessions for user:email...
2025-03-12 14:50:29.421 [info] Got 0 sessions for user:email...
2025-03-12 14:50:29.423 [info] Getting sessions for all scopes...
2025-03-12 14:50:29.423 [info] Got 0 sessions for ...
2025-03-12 14:50:29.426 [info] Getting sessions for user:email...
2025-03-12 14:50:29.426 [info] Got 0 sessions for user:email...
2025-03-12 14:51:51.360 [info] Reading sessions from keychain...
2025-03-12 14:51:51.360 [info] Getting sessions for all scopes...
2025-03-12 14:51:51.360 [info] Getting sessions for all scopes...
2025-03-12 14:51:51.360 [info] Getting sessions for all scopes...
2025-03-12 14:51:51.360 [info] Got 0 sessions for ...
2025-03-12 14:51:51.360 [info] Got 0 sessions for ...
2025-03-12 14:51:51.360 [info] Got 0 sessions for ...
2025-03-12 14:51:51.360 [info] Getting sessions for all scopes...
2025-03-12 14:51:51.360 [info] Got 0 sessions for ...
2025-03-12 14:51:51.360 [info] Getting sessions for all scopes...
2025-03-12 14:51:51.360 [info] Got 0 sessions for ...
2025-03-12 14:51:51.360 [info] Getting sessions for all scopes...
2025-03-12 14:51:51.360 [info] Got 0 sessions for ...
2025-03-12 14:51:51.360 [info] Getting sessions for all scopes...
2025-03-12 14:51:51.360 [info] Got 0 sessions for ...
2025-03-12 14:51:51.360 [info] Getting sessions for all scopes...
2025-03-12 14:51:51.360 [info] Got 0 sessions for ...
2025-03-12 14:51:52.314 [info] Getting sessions for all scopes...
2025-03-12 14:51:52.314 [info] Got 0 sessions for ...
2025-03-12 14:52:17.212 [info] Getting sessions for read:user,repo,user:email,workflow...
2025-03-12 14:52:17.212 [info] Got 0 sessions for read:user,repo,user:email,workflow...
2025-03-12 14:52:17.214 [info] Getting sessions for all scopes...
2025-03-12 14:52:17.214 [info] Got 0 sessions for ...
2025-03-12 14:52:17.214 [info] Getting sessions for all scopes...
2025-03-12 14:52:17.214 [info] Got 0 sessions for ...
2025-03-12 14:52:17.239 [info] Getting sessions for read:user...
2025-03-12 14:52:17.239 [info] Got 0 sessions for read:user...
2025-03-12 14:52:17.239 [info] Getting sessions for user:email...
2025-03-12 14:52:17.239 [info] Got 0 sessions for user:email...
2025-03-12 14:52:17.239 [info] Getting sessions for read:user,repo,user:email,workflow...
2025-03-12 14:52:17.239 [info] Got 0 sessions for read:user,repo,user:email,workflow...
2025-03-12 14:52:17.241 [info] Getting sessions for user:email...
2025-03-12 14:52:17.241 [info] Got 0 sessions for user:email...
2025-03-12 14:52:17.242 [info] Getting sessions for all scopes...
2025-03-12 14:52:17.242 [info] Got 0 sessions for ...
2025-03-12 14:52:17.246 [info] Getting sessions for user:email...
2025-03-12 14:52:17.246 [info] Got 0 sessions for user:email...
2025-03-12 14:52:17.247 [info] Getting sessions for all scopes...
2025-03-12 14:52:17.247 [info] Got 0 sessions for ...
2025-03-12 14:52:17.248 [info] Getting sessions for user:email...
2025-03-12 14:52:17.248 [info] Got 0 sessions for user:email...
2025-03-12 14:52:17.524 [info] Getting sessions for read:user,repo,user:email,workflow...
2025-03-12 14:52:17.524 [info] Got 0 sessions for read:user,repo,user:email,workflow...
2025-03-12 14:52:17.600 [info] Getting sessions for all scopes...
2025-03-12 14:52:17.600 [info] Got 0 sessions for ...
2025-03-12 14:52:17.674 [info] Getting sessions for user:email...
2025-03-12 14:52:17.674 [info] Got 0 sessions for user:email...
2025-03-12 14:52:17.699 [info] Getting sessions for all scopes...
2025-03-12 14:52:17.699 [info] Got 0 sessions for ...
2025-03-12 14:52:17.700 [info] Getting sessions for user:email...
2025-03-12 14:52:17.700 [info] Got 0 sessions for user:email...
2025-03-12 14:52:19.702 [info] Getting sessions for all scopes...
2025-03-12 14:52:19.702 [info] Got 0 sessions for ...
2025-03-12 14:52:19.703 [info] Getting sessions for read:user,repo,user:email,workflow...
2025-03-12 14:52:19.703 [info] Got 0 sessions for read:user,repo,user:email,workflow...
2025-03-12 14:52:19.703 [info] Getting sessions for all scopes...
2025-03-12 14:52:19.703 [info] Got 0 sessions for ...
2025-03-12 14:52:19.704 [info] Getting sessions for user:email...
2025-03-12 14:52:19.704 [info] Got 0 sessions for user:email...
2025-03-12 15:07:17.711 [info] Getting sessions for all scopes...
2025-03-12 15:07:17.711 [info] Got 0 sessions for ...
2025-03-12 15:07:17.713 [info] Getting sessions for user:email...
2025-03-12 15:07:17.713 [info] Got 0 sessions for user:email...
2025-03-12 15:07:17.715 [info] Getting sessions for all scopes...
2025-03-12 15:07:17.715 [info] Got 0 sessions for ...
2025-03-12 15:07:17.717 [info] Getting sessions for user:email...
2025-03-12 15:07:17.717 [info] Got 0 sessions for user:email...
2025-03-12 15:22:17.729 [info] Getting sessions for all scopes...
2025-03-12 15:22:17.729 [info] Got 0 sessions for ...
2025-03-12 15:22:17.731 [info] Getting sessions for user:email...
2025-03-12 15:22:17.731 [info] Got 0 sessions for user:email...
2025-03-12 15:22:17.732 [info] Getting sessions for all scopes...
2025-03-12 15:22:17.732 [info] Got 0 sessions for ...
2025-03-12 15:22:17.733 [info] Getting sessions for user:email...
2025-03-12 15:22:17.733 [info] Got 0 sessions for user:email...
2025-03-12 15:37:17.740 [info] Getting sessions for all scopes...
2025-03-12 15:37:17.740 [info] Got 0 sessions for ...
2025-03-12 15:37:17.743 [info] Getting sessions for user:email...
2025-03-12 15:37:17.743 [info] Got 0 sessions for user:email...
2025-03-12 15:37:17.745 [info] Getting sessions for all scopes...
2025-03-12 15:37:17.745 [info] Got 0 sessions for ...
2025-03-12 15:37:17.747 [info] Getting sessions for user:email...
2025-03-12 15:37:17.747 [info] Got 0 sessions for user:email...
2025-03-12 15:52:17.763 [info] Getting sessions for all scopes...
2025-03-12 15:52:17.763 [info] Got 0 sessions for ...
2025-03-12 15:52:17.765 [info] Getting sessions for user:email...
2025-03-12 15:52:17.765 [info] Got 0 sessions for user:email...
2025-03-12 15:52:17.766 [info] Getting sessions for all scopes...
2025-03-12 15:52:17.766 [info] Got 0 sessions for ...
2025-03-12 15:52:17.767 [info] Getting sessions for user:email...
2025-03-12 15:52:17.767 [info] Got 0 sessions for user:email...
2025-03-12 16:07:17.774 [info] Getting sessions for all scopes...
2025-03-12 16:07:17.774 [info] Got 0 sessions for ...
2025-03-12 16:07:17.777 [info] Getting sessions for user:email...
2025-03-12 16:07:17.777 [info] Got 0 sessions for user:email...
2025-03-12 16:07:17.779 [info] Getting sessions for all scopes...
2025-03-12 16:07:17.779 [info] Got 0 sessions for ...
2025-03-12 16:07:17.780 [info] Getting sessions for user:email...
2025-03-12 16:07:17.780 [info] Got 0 sessions for user:email...
2025-03-12 16:22:17.791 [info] Getting sessions for all scopes...
2025-03-12 16:22:17.792 [info] Got 0 sessions for ...
2025-03-12 16:22:17.796 [info] Getting sessions for user:email...
2025-03-12 16:22:17.796 [info] Got 0 sessions for user:email...
2025-03-12 16:22:17.799 [info] Getting sessions for all scopes...
2025-03-12 16:22:17.799 [info] Got 0 sessions for ...
2025-03-12 16:22:17.800 [info] Getting sessions for user:email...
2025-03-12 16:22:17.800 [info] Got 0 sessions for user:email...
2025-03-12 16:37:17.816 [info] Getting sessions for all scopes...
2025-03-12 16:37:17.817 [info] Got 0 sessions for ...
2025-03-12 16:37:17.820 [info] Getting sessions for user:email...
2025-03-12 16:37:17.821 [info] Got 0 sessions for user:email...
2025-03-12 16:37:17.824 [info] Getting sessions for all scopes...
2025-03-12 16:37:17.824 [info] Got 0 sessions for ...
2025-03-12 16:37:17.825 [info] Getting sessions for user:email...
2025-03-12 16:37:17.825 [info] Got 0 sessions for user:email...
2025-03-12 16:52:17.843 [info] Getting sessions for all scopes...
2025-03-12 16:52:17.843 [info] Got 0 sessions for ...
2025-03-12 16:52:17.846 [info] Getting sessions for user:email...
2025-03-12 16:52:17.846 [info] Got 0 sessions for user:email...
2025-03-12 16:52:17.848 [info] Getting sessions for all scopes...
2025-03-12 16:52:17.848 [info] Got 0 sessions for ...
2025-03-12 16:52:17.850 [info] Getting sessions for user:email...
2025-03-12 16:52:17.850 [info] Got 0 sessions for user:email...
2025-03-12 17:07:17.860 [info] Getting sessions for all scopes...
2025-03-12 17:07:17.860 [info] Got 0 sessions for ...
2025-03-12 17:07:17.864 [info] Getting sessions for user:email...
2025-03-12 17:07:17.864 [info] Got 0 sessions for user:email...
2025-03-12 17:07:17.867 [info] Getting sessions for all scopes...
2025-03-12 17:07:17.867 [info] Got 0 sessions for ...
2025-03-12 17:07:17.869 [info] Getting sessions for user:email...
2025-03-12 17:07:17.869 [info] Got 0 sessions for user:email...
2025-03-12 17:22:17.881 [info] Getting sessions for all scopes...
2025-03-12 17:22:17.881 [info] Got 0 sessions for ...
2025-03-12 17:22:17.884 [info] Getting sessions for user:email...
2025-03-12 17:22:17.884 [info] Got 0 sessions for user:email...
2025-03-12 17:22:17.886 [info] Getting sessions for all scopes...
2025-03-12 17:22:17.886 [info] Got 0 sessions for ...
2025-03-12 17:22:17.887 [info] Getting sessions for user:email...
2025-03-12 17:22:17.887 [info] Got 0 sessions for user:email...
2025-03-12 17:37:17.901 [info] Getting sessions for all scopes...
2025-03-12 17:37:17.901 [info] Got 0 sessions for ...
2025-03-12 17:37:17.905 [info] Getting sessions for user:email...
2025-03-12 17:37:17.905 [info] Got 0 sessions for user:email...
2025-03-12 17:37:17.908 [info] Getting sessions for all scopes...
2025-03-12 17:37:17.908 [info] Got 0 sessions for ...
2025-03-12 17:37:17.910 [info] Getting sessions for user:email...
2025-03-12 17:37:17.911 [info] Got 0 sessions for user:email...
2025-03-12 17:52:17.918 [info] Getting sessions for all scopes...
2025-03-12 17:52:17.918 [info] Got 0 sessions for ...
2025-03-12 17:52:17.922 [info] Getting sessions for user:email...
2025-03-12 17:52:17.922 [info] Got 0 sessions for user:email...
2025-03-12 17:52:17.925 [info] Getting sessions for all scopes...
2025-03-12 17:52:17.925 [info] Got 0 sessions for ...
2025-03-12 17:52:17.927 [info] Getting sessions for user:email...
2025-03-12 17:52:17.927 [info] Got 0 sessions for user:email...
2025-03-12 18:07:17.936 [info] Getting sessions for all scopes...
2025-03-12 18:07:17.936 [info] Got 0 sessions for ...
2025-03-12 18:07:17.941 [info] Getting sessions for user:email...
2025-03-12 18:07:17.941 [info] Got 0 sessions for user:email...
2025-03-12 18:07:17.944 [info] Getting sessions for all scopes...
2025-03-12 18:07:17.944 [info] Got 0 sessions for ...
2025-03-12 18:07:17.945 [info] Getting sessions for user:email...
2025-03-12 18:07:17.945 [info] Got 0 sessions for user:email...
2025-03-12 18:22:17.959 [info] Getting sessions for all scopes...
2025-03-12 18:22:17.959 [info] Got 0 sessions for ...
2025-03-12 18:22:17.962 [info] Getting sessions for user:email...
2025-03-12 18:22:17.962 [info] Got 0 sessions for user:email...
2025-03-12 18:22:17.965 [info] Getting sessions for all scopes...
2025-03-12 18:22:17.965 [info] Got 0 sessions for ...
2025-03-12 18:22:17.966 [info] Getting sessions for user:email...
2025-03-12 18:22:17.966 [info] Got 0 sessions for user:email...
2025-03-12 18:37:17.979 [info] Getting sessions for all scopes...
2025-03-12 18:37:17.979 [info] Got 0 sessions for ...
2025-03-12 18:37:17.983 [info] Getting sessions for user:email...
2025-03-12 18:37:17.983 [info] Got 0 sessions for user:email...
2025-03-12 18:37:17.987 [info] Getting sessions for all scopes...
2025-03-12 18:37:17.987 [info] Got 0 sessions for ...
2025-03-12 18:37:17.988 [info] Getting sessions for user:email...
2025-03-12 18:37:17.988 [info] Got 0 sessions for user:email...
2025-03-12 18:52:18.006 [info] Getting sessions for all scopes...
2025-03-12 18:52:18.006 [info] Got 0 sessions for ...
2025-03-12 18:52:18.010 [info] Getting sessions for user:email...
2025-03-12 18:52:18.010 [info] Got 0 sessions for user:email...
2025-03-12 18:52:18.013 [info] Getting sessions for all scopes...
2025-03-12 18:52:18.013 [info] Got 0 sessions for ...
2025-03-12 18:52:18.015 [info] Getting sessions for user:email...
2025-03-12 18:52:18.015 [info] Got 0 sessions for user:email...
2025-03-12 19:07:18.033 [info] Getting sessions for all scopes...
2025-03-12 19:07:18.034 [info] Got 0 sessions for ...
2025-03-12 19:07:18.037 [info] Getting sessions for user:email...
2025-03-12 19:07:18.038 [info] Got 0 sessions for user:email...
2025-03-12 19:07:18.041 [info] Getting sessions for all scopes...
2025-03-12 19:07:18.041 [info] Got 0 sessions for ...
2025-03-12 19:07:18.043 [info] Getting sessions for user:email...
2025-03-12 19:07:18.043 [info] Got 0 sessions for user:email...
2025-03-12 19:22:18.060 [info] Getting sessions for all scopes...
2025-03-12 19:22:18.061 [info] Got 0 sessions for ...
2025-03-12 19:22:18.065 [info] Getting sessions for user:email...
2025-03-12 19:22:18.065 [info] Got 0 sessions for user:email...
2025-03-12 19:22:18.068 [info] Getting sessions for all scopes...
2025-03-12 19:22:18.068 [info] Got 0 sessions for ...
2025-03-12 19:22:18.070 [info] Getting sessions for user:email...
2025-03-12 19:22:18.070 [info] Got 0 sessions for user:email...
2025-03-12 19:37:18.076 [info] Getting sessions for all scopes...
2025-03-12 19:37:18.076 [info] Got 0 sessions for ...
2025-03-12 19:37:18.078 [info] Getting sessions for user:email...
2025-03-12 19:37:18.078 [info] Got 0 sessions for user:email...
2025-03-12 19:37:18.080 [info] Getting sessions for all scopes...
2025-03-12 19:37:18.080 [info] Got 0 sessions for ...
2025-03-12 19:37:18.081 [info] Getting sessions for user:email...
2025-03-12 19:37:18.081 [info] Got 0 sessions for user:email...
2025-03-12 19:52:18.098 [info] Getting sessions for all scopes...
2025-03-12 19:52:18.098 [info] Got 0 sessions for ...
2025-03-12 19:52:18.102 [info] Getting sessions for user:email...
2025-03-12 19:52:18.102 [info] Got 0 sessions for user:email...
2025-03-12 19:52:18.105 [info] Getting sessions for all scopes...
2025-03-12 19:52:18.105 [info] Got 0 sessions for ...
2025-03-12 19:52:18.106 [info] Getting sessions for user:email...
2025-03-12 19:52:18.106 [info] Got 0 sessions for user:email...
2025-03-12 20:07:18.116 [info] Getting sessions for all scopes...
2025-03-12 20:07:18.116 [info] Got 0 sessions for ...
2025-03-12 20:07:18.118 [info] Getting sessions for user:email...
2025-03-12 20:07:18.118 [info] Got 0 sessions for user:email...
2025-03-12 20:07:18.119 [info] Getting sessions for all scopes...
2025-03-12 20:07:18.119 [info] Got 0 sessions for ...
2025-03-12 20:07:18.119 [info] Getting sessions for user:email...
2025-03-12 20:07:18.119 [info] Got 0 sessions for user:email...
2025-03-12 20:22:18.137 [info] Getting sessions for all scopes...
2025-03-12 20:22:18.137 [info] Got 0 sessions for ...
2025-03-12 20:22:18.141 [info] Getting sessions for user:email...
2025-03-12 20:22:18.141 [info] Got 0 sessions for user:email...
2025-03-12 20:22:18.144 [info] Getting sessions for all scopes...
2025-03-12 20:22:18.144 [info] Got 0 sessions for ...
2025-03-12 20:22:18.146 [info] Getting sessions for user:email...
2025-03-12 20:22:18.146 [info] Got 0 sessions for user:email...
2025-03-12 20:37:18.157 [info] Getting sessions for all scopes...
2025-03-12 20:37:18.157 [info] Got 0 sessions for ...
2025-03-12 20:37:18.159 [info] Getting sessions for user:email...
2025-03-12 20:37:18.159 [info] Got 0 sessions for user:email...
2025-03-12 20:37:18.160 [info] Getting sessions for all scopes...
2025-03-12 20:37:18.160 [info] Got 0 sessions for ...
2025-03-12 20:37:18.161 [info] Getting sessions for user:email...
2025-03-12 20:37:18.161 [info] Got 0 sessions for user:email...
2025-03-12 20:52:18.171 [info] Getting sessions for all scopes...
2025-03-12 20:52:18.171 [info] Got 0 sessions for ...
2025-03-12 20:52:18.175 [info] Getting sessions for user:email...
2025-03-12 20:52:18.175 [info] Got 0 sessions for user:email...
2025-03-12 20:52:18.177 [info] Getting sessions for all scopes...
2025-03-12 20:52:18.177 [info] Got 0 sessions for ...
2025-03-12 20:52:18.178 [info] Getting sessions for user:email...
2025-03-12 20:52:18.179 [info] Got 0 sessions for user:email...
2025-03-12 21:07:18.197 [info] Getting sessions for all scopes...
2025-03-12 21:07:18.197 [info] Got 0 sessions for ...
2025-03-12 21:07:18.199 [info] Getting sessions for user:email...
2025-03-12 21:07:18.199 [info] Got 0 sessions for user:email...
2025-03-12 21:07:18.200 [info] Getting sessions for all scopes...
2025-03-12 21:07:18.200 [info] Got 0 sessions for ...
2025-03-12 21:07:18.201 [info] Getting sessions for user:email...
2025-03-12 21:07:18.201 [info] Got 0 sessions for user:email...
2025-03-12 21:22:18.217 [info] Getting sessions for all scopes...
2025-03-12 21:22:18.217 [info] Got 0 sessions for ...
2025-03-12 21:22:18.219 [info] Getting sessions for user:email...
2025-03-12 21:22:18.219 [info] Got 0 sessions for user:email...
2025-03-12 21:22:18.220 [info] Getting sessions for all scopes...
2025-03-12 21:22:18.220 [info] Got 0 sessions for ...
2025-03-12 21:22:18.220 [info] Getting sessions for user:email...
2025-03-12 21:22:18.220 [info] Got 0 sessions for user:email...
2025-03-12 21:37:18.224 [info] Getting sessions for all scopes...
2025-03-12 21:37:18.224 [info] Got 0 sessions for ...
2025-03-12 21:37:18.226 [info] Getting sessions for user:email...
2025-03-12 21:37:18.226 [info] Got 0 sessions for user:email...
2025-03-12 21:37:18.228 [info] Getting sessions for all scopes...
2025-03-12 21:37:18.228 [info] Got 0 sessions for ...
2025-03-12 21:37:18.229 [info] Getting sessions for user:email...
2025-03-12 21:37:18.229 [info] Got 0 sessions for user:email...
2025-03-12 21:52:18.236 [info] Getting sessions for all scopes...
2025-03-12 21:52:18.237 [info] Got 0 sessions for ...
2025-03-12 21:52:18.241 [info] Getting sessions for user:email...
2025-03-12 21:52:18.241 [info] Got 0 sessions for user:email...
2025-03-12 21:52:18.243 [info] Getting sessions for all scopes...
2025-03-12 21:52:18.243 [info] Got 0 sessions for ...
2025-03-12 21:52:18.244 [info] Getting sessions for user:email...
2025-03-12 21:52:18.244 [info] Got 0 sessions for user:email...
2025-03-12 22:07:18.264 [info] Getting sessions for all scopes...
2025-03-12 22:07:18.264 [info] Got 0 sessions for ...
2025-03-12 22:07:18.267 [info] Getting sessions for user:email...
2025-03-12 22:07:18.267 [info] Got 0 sessions for user:email...
2025-03-12 22:07:18.269 [info] Getting sessions for all scopes...
2025-03-12 22:07:18.269 [info] Got 0 sessions for ...
2025-03-12 22:07:18.270 [info] Getting sessions for user:email...
2025-03-12 22:07:18.271 [info] Got 0 sessions for user:email...
2025-03-12 22:22:18.276 [info] Getting sessions for all scopes...
2025-03-12 22:22:18.276 [info] Got 0 sessions for ...
2025-03-12 22:22:18.279 [info] Getting sessions for user:email...
2025-03-12 22:22:18.279 [info] Got 0 sessions for user:email...
2025-03-12 22:22:18.281 [info] Getting sessions for all scopes...
2025-03-12 22:22:18.281 [info] Got 0 sessions for ...
2025-03-12 22:22:18.283 [info] Getting sessions for user:email...
2025-03-12 22:22:18.283 [info] Got 0 sessions for user:email...
2025-03-12 22:37:18.297 [info] Getting sessions for all scopes...
2025-03-12 22:37:18.298 [info] Got 0 sessions for ...
2025-03-12 22:37:18.300 [info] Getting sessions for user:email...
2025-03-12 22:37:18.300 [info] Got 0 sessions for user:email...
2025-03-12 22:37:18.302 [info] Getting sessions for all scopes...
2025-03-12 22:37:18.302 [info] Got 0 sessions for ...
2025-03-12 22:37:18.304 [info] Getting sessions for user:email...
2025-03-12 22:37:18.304 [info] Got 0 sessions for user:email...
2025-03-12 22:52:18.314 [info] Getting sessions for all scopes...
2025-03-12 22:52:18.315 [info] Got 0 sessions for ...
2025-03-12 22:52:18.318 [info] Getting sessions for user:email...
2025-03-12 22:52:18.318 [info] Got 0 sessions for user:email...
2025-03-12 22:52:18.320 [info] Getting sessions for all scopes...
2025-03-12 22:52:18.320 [info] Got 0 sessions for ...
2025-03-12 22:52:18.321 [info] Getting sessions for user:email...
2025-03-12 22:52:18.322 [info] Got 0 sessions for user:email...
2025-03-12 23:07:18.339 [info] Getting sessions for all scopes...
2025-03-12 23:07:18.339 [info] Got 0 sessions for ...
2025-03-12 23:07:18.341 [info] Getting sessions for user:email...
2025-03-12 23:07:18.341 [info] Got 0 sessions for user:email...
2025-03-12 23:07:18.343 [info] Getting sessions for all scopes...
2025-03-12 23:07:18.344 [info] Got 0 sessions for ...
2025-03-12 23:07:18.345 [info] Getting sessions for user:email...
2025-03-12 23:07:18.345 [info] Got 0 sessions for user:email...
