2025-03-12 14:50:27.867 [info] [main] Log level: Info
2025-03-12 14:50:27.867 [info] [main] Validating found git in: "C:\Program Files\Git\cmd\git.exe"
2025-03-12 14:50:27.906 [info] [main] Using git "2.38.0.windows.1" from "C:\Program Files\Git\cmd\git.exe"
2025-03-12 14:50:27.906 [info] [Model][doInitialScan] Initial repository scan started
2025-03-12 14:50:27.908 [info] [Model][doInitialScan] Initial repository scan completed - repositories (0), closed repositories (0), parent repositories (0), unsafe repositories (0)
2025-03-12 14:52:17.237 [info] [main] Log level: Info
2025-03-12 14:52:17.237 [info] [main] Validating found git in: "C:\Program Files\Git\cmd\git.exe"
2025-03-12 14:52:17.237 [info] [main] Using git "2.38.0.windows.1" from "C:\Program Files\Git\cmd\git.exe"
2025-03-12 14:52:17.238 [info] [Model][doInitialScan] Initial repository scan started
2025-03-12 14:52:17.238 [info] > git rev-parse --show-toplevel [203ms]
2025-03-12 14:52:17.290 [info] > git rev-parse --git-dir --git-common-dir [64ms]
2025-03-12 14:52:17.297 [info] [Model][openRepository] Opened repository: c:\github\JimFawcett\NewSite
2025-03-12 14:52:17.364 [info] > git config --get commit.template [53ms]
2025-03-12 14:52:17.371 [info] > git rev-parse --show-toplevel [49ms]
2025-03-12 14:52:17.404 [info] > git for-each-ref --format=%(refname)%00%(upstream:short)%00%(objectname)%00%(upstream:track)%00%(upstream:remotename)%00%(upstream:remoteref) --ignore-case refs/heads/main refs/remotes/main [49ms]
2025-03-12 14:52:17.428 [info] > git rev-parse --show-toplevel [46ms]
2025-03-12 14:52:17.472 [info] > git for-each-ref --sort -committerdate --format %(refname) %(objectname) %(*objectname) [50ms]
2025-03-12 14:52:17.483 [info] > git rev-parse --show-toplevel [44ms]
2025-03-12 14:52:17.484 [info] > git status -z -uall [71ms]
2025-03-12 14:52:17.557 [info] > git for-each-ref --format=%(refname)%00%(upstream:short)%00%(objectname)%00%(upstream:track)%00%(upstream:remotename)%00%(upstream:remoteref) --ignore-case refs/heads/main refs/remotes/main [59ms]
2025-03-12 14:52:17.580 [info] > git rev-parse --show-toplevel [69ms]
2025-03-12 14:52:17.610 [info] > git for-each-ref --format=%(refname)%00%(upstream:short)%00%(objectname)%00%(upstream:track)%00%(upstream:remotename)%00%(upstream:remoteref) --ignore-case refs/heads/main refs/remotes/main [72ms]
2025-03-12 14:52:17.610 [info] > git config --get commit.template [86ms]
2025-03-12 14:52:17.661 [info] > git config --get --local branch.main.vscode-merge-base [96ms]
2025-03-12 14:52:17.661 [warning] [Git][config] git config failed: Failed to execute git
2025-03-12 14:52:17.673 [info] > git rev-parse --show-toplevel [63ms]
2025-03-12 14:52:17.689 [info] > git for-each-ref --sort -committerdate --format %(refname) %(objectname) %(*objectname) [53ms]
2025-03-12 14:52:17.702 [info] > git status -z -uall [78ms]
2025-03-12 14:52:17.736 [info] > git rev-parse --show-toplevel [49ms]
2025-03-12 14:52:17.746 [info] > git reflog main --grep-reflog=branch: Created from *. [75ms]
2025-03-12 14:52:17.767 [info] > git for-each-ref --format=%(refname)%00%(upstream:short)%00%(objectname)%00%(upstream:track)%00%(upstream:remotename)%00%(upstream:remoteref) --ignore-case refs/heads/main refs/remotes/main [51ms]
2025-03-12 14:52:17.798 [info] > git rev-parse --show-toplevel [54ms]
2025-03-12 14:52:17.821 [info] > git symbolic-ref --short refs/remotes/origin/HEAD [63ms]
2025-03-12 14:52:17.821 [info] fatal: ref refs/remotes/origin/HEAD is not a symbolic ref
2025-03-12 14:52:17.821 [warning] [Repository][getDefaultBranch] Failed to get default branch details: Failed to execute git.
2025-03-12 14:52:17.848 [info] > git config --get --local branch.main.vscode-merge-base [68ms]
2025-03-12 14:52:17.848 [warning] [Git][config] git config failed: Failed to execute git
2025-03-12 14:52:17.861 [info] > git rev-parse --show-toplevel [52ms]
2025-03-12 14:52:17.903 [info] > git check-ignore -v -z --stdin [56ms]
2025-03-12 14:52:17.924 [info] > git rev-parse --show-toplevel [51ms]
2025-03-12 14:52:17.932 [info] > git reflog main --grep-reflog=branch: Created from *. [72ms]
2025-03-12 14:52:17.975 [info] > git rev-parse --show-toplevel [43ms]
2025-03-12 14:52:17.985 [info] > git symbolic-ref --short refs/remotes/origin/HEAD [45ms]
2025-03-12 14:52:17.985 [info] fatal: ref refs/remotes/origin/HEAD is not a symbolic ref
2025-03-12 14:52:17.985 [warning] [Repository][getDefaultBranch] Failed to get default branch details: Failed to execute git.
2025-03-12 14:52:18.023 [info] > git rev-parse --show-toplevel [41ms]
2025-03-12 14:52:18.075 [info] > git rev-parse --show-toplevel [44ms]
2025-03-12 14:52:18.148 [info] > git rev-parse --show-toplevel [58ms]
2025-03-12 14:52:18.207 [info] > git rev-parse --show-toplevel [48ms]
2025-03-12 14:52:18.253 [info] > git rev-parse --show-toplevel [38ms]
2025-03-12 14:52:18.299 [info] > git rev-parse --show-toplevel [38ms]
2025-03-12 14:52:18.345 [info] > git rev-parse --show-toplevel [39ms]
2025-03-12 14:52:18.390 [info] > git rev-parse --show-toplevel [38ms]
2025-03-12 14:52:18.436 [info] > git rev-parse --show-toplevel [38ms]
2025-03-12 14:52:18.486 [info] > git rev-parse --show-toplevel [43ms]
2025-03-12 14:52:18.533 [info] > git rev-parse --show-toplevel [39ms]
2025-03-12 14:52:18.581 [info] > git rev-parse --show-toplevel [41ms]
2025-03-12 14:52:18.631 [info] > git rev-parse --show-toplevel [43ms]
2025-03-12 14:52:18.688 [info] > git rev-parse --show-toplevel [50ms]
2025-03-12 14:52:18.736 [info] > git rev-parse --show-toplevel [41ms]
2025-03-12 14:52:18.792 [info] > git rev-parse --show-toplevel [48ms]
2025-03-12 14:52:18.846 [info] > git rev-parse --show-toplevel [47ms]
2025-03-12 14:52:18.900 [info] > git rev-parse --show-toplevel [46ms]
2025-03-12 14:52:18.948 [info] > git rev-parse --show-toplevel [41ms]
2025-03-12 14:52:18.993 [info] > git rev-parse --show-toplevel [38ms]
2025-03-12 14:52:19.039 [info] > git rev-parse --show-toplevel [38ms]
2025-03-12 14:52:19.092 [info] > git rev-parse --show-toplevel [45ms]
2025-03-12 14:52:19.143 [info] > git rev-parse --show-toplevel [44ms]
2025-03-12 14:52:19.217 [info] > git rev-parse --show-toplevel [66ms]
2025-03-12 14:52:19.273 [info] > git rev-parse --show-toplevel [47ms]
2025-03-12 14:52:19.332 [info] > git rev-parse --show-toplevel [49ms]
2025-03-12 14:52:19.394 [info] > git rev-parse --show-toplevel [50ms]
2025-03-12 14:52:19.456 [info] > git rev-parse --show-toplevel [54ms]
2025-03-12 14:52:19.516 [info] > git rev-parse --show-toplevel [52ms]
2025-03-12 14:52:19.517 [info] [Model][doInitialScan] Initial repository scan completed - repositories (1), closed repositories (0), parent repositories (0), unsafe repositories (0)
2025-03-12 14:52:19.583 [info] > git config --get commit.template [56ms]
2025-03-12 14:52:19.615 [info] > git for-each-ref --format=%(refname)%00%(upstream:short)%00%(objectname)%00%(upstream:track)%00%(upstream:remotename)%00%(upstream:remoteref) --ignore-case refs/heads/main refs/remotes/main [78ms]
2025-03-12 14:52:19.684 [info] > git for-each-ref --sort -committerdate --format %(refname) %(objectname) %(*objectname) [49ms]
2025-03-12 14:52:19.697 [info] > git status -z -uall [73ms]
2025-03-12 14:52:19.930 [info] > git config --get commit.template [55ms]
2025-03-12 14:52:19.942 [info] > git for-each-ref --format=%(refname)%00%(upstream:short)%00%(objectname)%00%(upstream:track)%00%(upstream:remotename)%00%(upstream:remoteref) --ignore-case refs/heads/main refs/remotes/main [55ms]
2025-03-12 14:52:20.015 [info] > git for-each-ref --sort -committerdate --format %(refname) %(objectname) %(*objectname) [54ms]
2025-03-12 14:52:20.026 [info] > git status -z -uall [75ms]
2025-03-12 14:52:25.194 [info] > git config --get commit.template [58ms]
2025-03-12 14:52:25.214 [info] > git for-each-ref --format=%(refname)%00%(upstream:short)%00%(objectname)%00%(upstream:track)%00%(upstream:remotename)%00%(upstream:remoteref) --ignore-case refs/heads/main refs/remotes/main [60ms]
2025-03-12 14:52:25.288 [info] > git for-each-ref --sort -committerdate --format %(refname) %(objectname) %(*objectname) [47ms]
2025-03-12 14:52:25.300 [info] > git status -z -uall [75ms]
2025-03-12 14:52:37.963 [info] > git check-ignore -v -z --stdin [41ms]
2025-03-12 14:52:38.775 [info] > git config --get commit.template [44ms]
2025-03-12 14:52:38.785 [info] > git for-each-ref --format=%(refname)%00%(upstream:short)%00%(objectname)%00%(upstream:track)%00%(upstream:remotename)%00%(upstream:remoteref) --ignore-case refs/heads/main refs/remotes/main [45ms]
2025-03-12 14:52:38.851 [info] > git for-each-ref --sort -committerdate --format %(refname) %(objectname) %(*objectname) [44ms]
2025-03-12 14:52:38.863 [info] > git status -z -uall [69ms]
2025-03-12 14:52:45.306 [info] > git show --textconv :css/Content.css [56ms]
2025-03-12 14:52:45.312 [info] > git ls-files --stage -- css/Content.css [48ms]
2025-03-12 14:52:45.372 [info] > git cat-file -s 9405585c6b2fc27def4e706789446cd112f1886c [53ms]
2025-03-12 14:52:46.302 [info] > git config --get commit.template [49ms]
2025-03-12 14:52:46.316 [info] > git for-each-ref --format=%(refname)%00%(upstream:short)%00%(objectname)%00%(upstream:track)%00%(upstream:remotename)%00%(upstream:remoteref) --ignore-case refs/heads/main refs/remotes/main [53ms]
2025-03-12 14:52:46.379 [info] > git for-each-ref --sort -committerdate --format %(refname) %(objectname) %(*objectname) [45ms]
2025-03-12 14:52:46.391 [info] > git status -z -uall [67ms]
2025-03-12 14:52:51.457 [info] > git config --get commit.template [43ms]
2025-03-12 14:52:51.471 [info] > git for-each-ref --format=%(refname)%00%(upstream:short)%00%(objectname)%00%(upstream:track)%00%(upstream:remotename)%00%(upstream:remoteref) --ignore-case refs/heads/main refs/remotes/main [47ms]
2025-03-12 14:52:51.527 [info] > git for-each-ref --sort -committerdate --format %(refname) %(objectname) %(*objectname) [40ms]
2025-03-12 14:52:51.540 [info] > git status -z -uall [62ms]
2025-03-12 14:52:53.626 [info] > git blame --root --incremental 00900f4d88b4abbd8e28e663e91fc0d5fcb61c0a -- css/Content.css [115ms]
2025-03-12 14:52:56.614 [info] > git config --get commit.template [43ms]
2025-03-12 14:52:56.628 [info] > git for-each-ref --format=%(refname)%00%(upstream:short)%00%(objectname)%00%(upstream:track)%00%(upstream:remotename)%00%(upstream:remoteref) --ignore-case refs/heads/main refs/remotes/main [49ms]
2025-03-12 14:52:56.688 [info] > git for-each-ref --sort -committerdate --format %(refname) %(objectname) %(*objectname) [44ms]
2025-03-12 14:52:56.699 [info] > git status -z -uall [64ms]
2025-03-12 14:53:06.095 [info] > git config --get commit.template [42ms]
2025-03-12 14:53:06.107 [info] > git for-each-ref --format=%(refname)%00%(upstream:short)%00%(objectname)%00%(upstream:track)%00%(upstream:remotename)%00%(upstream:remoteref) --ignore-case refs/heads/main refs/remotes/main [45ms]
2025-03-12 14:53:06.176 [info] > git for-each-ref --sort -committerdate --format %(refname) %(objectname) %(*objectname) [52ms]
2025-03-12 14:53:06.181 [info] > git status -z -uall [66ms]
2025-03-12 14:53:51.063 [info] > git config --get commit.template [46ms]
2025-03-12 14:53:51.075 [info] > git for-each-ref --format=%(refname)%00%(upstream:short)%00%(objectname)%00%(upstream:track)%00%(upstream:remotename)%00%(upstream:remoteref) --ignore-case refs/heads/main refs/remotes/main [48ms]
2025-03-12 14:53:51.136 [info] > git for-each-ref --sort -committerdate --format %(refname) %(objectname) %(*objectname) [45ms]
2025-03-12 14:53:51.146 [info] > git status -z -uall [64ms]
2025-03-12 14:54:38.031 [info] > git config --get commit.template [49ms]
2025-03-12 14:54:38.046 [info] > git for-each-ref --format=%(refname)%00%(upstream:short)%00%(objectname)%00%(upstream:track)%00%(upstream:remotename)%00%(upstream:remoteref) --ignore-case refs/heads/main refs/remotes/main [53ms]
2025-03-12 14:54:38.116 [info] > git for-each-ref --sort -committerdate --format %(refname) %(objectname) %(*objectname) [49ms]
2025-03-12 14:54:38.126 [info] > git status -z -uall [69ms]
2025-03-12 14:54:43.207 [info] > git config --get commit.template [52ms]
2025-03-12 14:54:43.231 [info] > git for-each-ref --format=%(refname)%00%(upstream:short)%00%(objectname)%00%(upstream:track)%00%(upstream:remotename)%00%(upstream:remoteref) --ignore-case refs/heads/main refs/remotes/main [69ms]
2025-03-12 14:54:43.289 [info] > git for-each-ref --sort -committerdate --format %(refname) %(objectname) %(*objectname) [42ms]
2025-03-12 14:54:43.299 [info] > git status -z -uall [61ms]
2025-03-12 14:54:51.233 [info] > git config --get commit.template [45ms]
2025-03-12 14:54:51.246 [info] > git for-each-ref --format=%(refname)%00%(upstream:short)%00%(objectname)%00%(upstream:track)%00%(upstream:remotename)%00%(upstream:remoteref) --ignore-case refs/heads/main refs/remotes/main [49ms]
2025-03-12 14:54:51.312 [info] > git for-each-ref --sort -committerdate --format %(refname) %(objectname) %(*objectname) [45ms]
2025-03-12 14:54:51.323 [info] > git status -z -uall [69ms]
2025-03-12 14:55:48.924 [info] > git config --get commit.template [55ms]
2025-03-12 14:55:48.938 [info] > git for-each-ref --format=%(refname)%00%(upstream:short)%00%(objectname)%00%(upstream:track)%00%(upstream:remotename)%00%(upstream:remoteref) --ignore-case refs/heads/main refs/remotes/main [58ms]
2025-03-12 14:55:49.007 [info] > git for-each-ref --sort -committerdate --format %(refname) %(objectname) %(*objectname) [49ms]
2025-03-12 14:55:49.017 [info] > git status -z -uall [70ms]
2025-03-12 14:55:54.092 [info] > git config --get commit.template [53ms]
2025-03-12 14:55:54.096 [info] > git for-each-ref --format=%(refname)%00%(upstream:short)%00%(objectname)%00%(upstream:track)%00%(upstream:remotename)%00%(upstream:remoteref) --ignore-case refs/heads/main refs/remotes/main [48ms]
2025-03-12 14:55:54.152 [info] > git for-each-ref --sort -committerdate --format %(refname) %(objectname) %(*objectname) [41ms]
2025-03-12 14:55:54.165 [info] > git status -z -uall [62ms]
2025-03-12 14:56:51.215 [info] > git config --get commit.template [44ms]
2025-03-12 14:56:51.227 [info] > git for-each-ref --format=%(refname)%00%(upstream:short)%00%(objectname)%00%(upstream:track)%00%(upstream:remotename)%00%(upstream:remoteref) --ignore-case refs/heads/main refs/remotes/main [48ms]
2025-03-12 14:56:51.290 [info] > git for-each-ref --sort -committerdate --format %(refname) %(objectname) %(*objectname) [47ms]
2025-03-12 14:56:51.301 [info] > git status -z -uall [66ms]
2025-03-12 15:03:03.845 [info] > git config --get commit.template [51ms]
2025-03-12 15:03:03.862 [info] > git for-each-ref --format=%(refname)%00%(upstream:short)%00%(objectname)%00%(upstream:track)%00%(upstream:remotename)%00%(upstream:remoteref) --ignore-case refs/heads/main refs/remotes/main [57ms]
2025-03-12 15:03:03.930 [info] > git for-each-ref --sort -committerdate --format %(refname) %(objectname) %(*objectname) [51ms]
2025-03-12 15:03:03.938 [info] > git status -z -uall [68ms]
2025-03-12 15:03:08.993 [info] > git config --get commit.template [42ms]
2025-03-12 15:03:09.003 [info] > git for-each-ref --format=%(refname)%00%(upstream:short)%00%(objectname)%00%(upstream:track)%00%(upstream:remotename)%00%(upstream:remoteref) --ignore-case refs/heads/main refs/remotes/main [44ms]
2025-03-12 15:03:09.073 [info] > git for-each-ref --sort -committerdate --format %(refname) %(objectname) %(*objectname) [54ms]
2025-03-12 15:03:09.075 [info] > git status -z -uall [64ms]
2025-03-12 15:03:11.136 [info] > git check-ignore -v -z --stdin [42ms]
2025-03-12 15:03:14.411 [info] > git show --textconv :css/ThemeBasics.css [57ms]
2025-03-12 15:03:14.414 [info] > git ls-files --stage -- css/ThemeBasics.css [45ms]
2025-03-12 15:03:14.471 [info] > git cat-file -s 28bf745bee5217f6f3e824d3d170993b843e51df [49ms]
2025-03-12 23:08:42.942 [info] > git config --get commit.template [51ms]
2025-03-12 23:08:42.954 [info] > git for-each-ref --format=%(refname)%00%(upstream:short)%00%(objectname)%00%(upstream:track)%00%(upstream:remotename)%00%(upstream:remoteref) --ignore-case refs/heads/main refs/remotes/main [53ms]
2025-03-12 23:08:43.020 [info] > git for-each-ref --sort -committerdate --format %(refname) %(objectname) %(*objectname) [49ms]
2025-03-12 23:08:43.032 [info] > git status -z -uall [70ms]
